Jan-18-2023 09:13:26 [error] 404 - Requested URL http://localhost:5000/ not found! 
Jan-18-2023 09:14:01 [error] 404 - Requested URL http://localhost:5000/requested.html not found! 
Jan-18-2023 10:20:44 [error] 401 - Please provide token. 
Jan-18-2023 10:32:41 [error] 404 - Requested URL http://localhost:5000/api/user/viewDeveloper not found! 
Jan-18-2023 10:33:21 [error] 401 - Please provide token. 
Jan-18-2023 11:05:08 [error] 401 - Please provide token. 
Jan-18-2023 11:06:53 [error] 500 - Project.paginate is not a function 
Jan-18-2023 11:24:04 [error] 500 - Assignment to constant variable. 
Jan-18-2023 11:30:14 [error] 500 - Assignment to constant variable. 
Jan-18-2023 11:30:41 [error] 500 - query is not defined 
Jan-18-2023 11:31:05 [error] 500 - projectList is not defined 
Jan-18-2023 11:31:25 [error] 500 - ProjectList is not defined 
Jan-18-2023 11:31:28 [error] 500 - ProjectList is not defined 
Jan-18-2023 11:32:37 [error] 401 - Please provide token. 
Jan-18-2023 11:50:06 [error] 500 - Cast to ObjectId failed for value "{ projectId: '63c64b1b0e84e1074c76cab5' }" (type Object) at path "_id" for model "project" 
Jan-18-2023 11:51:56 [error] 401 - Please provide token. 
Jan-18-2023 12:02:49 [error] 403 - The requested user cannot access the data 
Jan-18-2023 12:03:38 [error] 403 - The requested user cannot access the data 
Jan-18-2023 12:04:32 [error] 500 - query is not defined 
Jan-18-2023 12:09:10 [error] 401 - Please provide token. 
Jan-18-2023 12:46:42 [error] 401 - Please provide token. 
Jan-18-2023 12:47:52 [error] 500 - invalid signature 
Jan-18-2023 12:48:58 [error] 500 - invalid signature 
Jan-18-2023 12:50:01 [error] 500 - jwt must be provided 
Jan-18-2023 12:50:26 [error] 401 - Please provide token. 
Jan-18-2023 12:50:58 [error] 500 - invalid signature 
Jan-18-2023 12:55:27 [error] 500 - invalid signature 
Jan-18-2023 12:56:26 [error] 500 - jwt malformed 
Jan-18-2023 12:56:35 [error] 500 - invalid signature 
Jan-18-2023 12:57:08 [error] 500 - invalid signature 
Jan-18-2023 12:57:49 [error] 500 - invalid signature 
Jan-18-2023 13:03:32 [error] 500 - invalid signature 
Jan-18-2023 13:12:03 [error] 500 - invalid signature 
Jan-18-2023 13:20:02 [error] 500 - invalid signature 
Jan-18-2023 13:28:33 [error] 500 - invalid signature 
Jan-18-2023 13:31:52 [error] 500 - invalid signature 
Jan-18-2023 13:31:53 [error] 500 - invalid signature 
Jan-18-2023 13:34:20 [error] 500 - invalid signature 
Jan-18-2023 13:34:22 [error] 500 - invalid signature 
Jan-18-2023 13:34:34 [error] 500 - invalid signature 
Jan-18-2023 13:35:54 [error] 403 - The requested user cannot access the data 
Jan-18-2023 14:11:49 [error] 404 - Provided email is not registered. 
Jan-18-2023 15:25:23 [error] 404 - This user does not exist. 
