Jan-18-2023 09:13:26 [error] 404 - Requested URL http://localhost:5000/ not found! 
Jan-18-2023 09:14:01 [error] 404 - Requested URL http://localhost:5000/requested.html not found! 
Jan-18-2023 09:38:07 [warn] success 
Jan-18-2023 09:38:48 [warn] success 
Jan-18-2023 09:41:44 [warn] success 
Jan-18-2023 09:42:03 [info] success 
Jan-18-2023 09:42:25 [info] success Mongoose default connection 
Jan-18-2023 09:44:38 [info] success Mongoose default connection 
Jan-18-2023 09:44:43 [info] success Mongoose default connection 
Jan-18-2023 09:44:55 [info] success Mongoose default connection 
Jan-18-2023 09:44:59 [info] success Mongoose default connection 
Jan-18-2023 09:45:03 [info] success Mongoose default connection 
Jan-18-2023 09:45:08 [info] success : Mongoose default connection 
Jan-18-2023 09:45:59 [info] success : Mongoose default connection 
Jan-18-2023 09:46:18 [info] success : Mongoose default connection 
Jan-18-2023 09:46:26 [info] success : Mongoose default connection 
Jan-18-2023 09:46:35 [info] success : Mongoose default connection 
Jan-18-2023 09:46:45 [info] success : Mongoose default connection 
Jan-18-2023 09:46:48 [info] success : Mongoose default connection 
Jan-18-2023 09:46:55 [info] success : Mongoose default connection 
Jan-18-2023 09:47:04 [info] success : Mongoose default connection 
Jan-18-2023 09:47:08 [info] success : Mongoose default connection 
Jan-18-2023 09:47:18 [info] success : Mongoose default connection 
Jan-18-2023 09:47:22 [info] success : Mongoose default connection 
Jan-18-2023 09:47:41 [info] success : Mongoose default connection 
Jan-18-2023 09:47:52 [info] success : Mongoose default connection 
Jan-18-2023 09:48:01 [info] success : Mongoose default connection 
Jan-18-2023 09:48:01 [info] Default Admin. 
Jan-18-2023 09:49:18 [info] success : Mongoose default connection 
Jan-18-2023 09:49:18 [info] Default Admin. 
Jan-18-2023 09:49:32 [info] success : Mongoose default connection 
Jan-18-2023 09:49:32 [info] Default Admin. 
Jan-18-2023 09:49:39 [info] success : Mongoose default connection 
Jan-18-2023 09:49:39 [info] Default Admin. 
Jan-18-2023 09:50:03 [info] success : Mongoose default connection 
Jan-18-2023 09:50:03 [info] Default Admin. 
Jan-18-2023 09:50:10 [info] success : Mongoose default connection 
Jan-18-2023 09:50:10 [info] Default Admin. 
Jan-18-2023 09:50:29 [info] success : Mongoose default connection 
Jan-18-2023 09:50:29 [info] Default Admin. 
Jan-18-2023 09:50:40 [info] success : Mongoose default connection 
Jan-18-2023 09:50:40 [info] Default Admin. 
Jan-18-2023 09:50:51 [info] success : Mongoose default connection 
Jan-18-2023 09:50:51 [info] Default Admin. 
Jan-18-2023 09:53:07 [info] success : Mongoose default connection 
Jan-18-2023 09:53:07 [info] Default Admin. 
Jan-18-2023 09:54:08 [info] success : Mongoose default connection 
Jan-18-2023 09:54:08 [info] Default Admin. 
Jan-18-2023 09:54:15 [info] success : Mongoose default connection 
Jan-18-2023 09:54:16 [info] Default Admin. 
Jan-18-2023 09:54:21 [info] success : Mongoose default connection 
Jan-18-2023 09:54:21 [info] Default Admin. 
Jan-18-2023 09:54:33 [info] success : Mongoose default connection 
Jan-18-2023 09:54:33 [info] Default Admin. 
Jan-18-2023 09:54:38 [info] success : Mongoose default connection 
Jan-18-2023 09:54:38 [info] Default Admin. 
Jan-18-2023 09:54:49 [info] success : Mongoose default connection 
Jan-18-2023 09:54:49 [info] Default Admin. 
Jan-18-2023 09:56:03 [info] success : Mongoose default connection 
Jan-18-2023 09:56:03 [info] Default Admin. 
Jan-18-2023 09:57:53 [info] success : Mongoose default connection 
Jan-18-2023 09:57:53 [info] Default Admin. 
Jan-18-2023 09:57:57 [info] success : Mongoose default connection 
Jan-18-2023 09:57:57 [info] Default Admin. 
Jan-18-2023 09:58:17 [info] success : Mongoose default connection 
Jan-18-2023 09:58:17 [info] Default Admin. 
Jan-18-2023 09:58:25 [info] success : Mongoose default connection 
Jan-18-2023 09:58:25 [info] Default Admin. 
Jan-18-2023 10:02:23 [info] success : Mongoose default connection 
Jan-18-2023 10:02:23 [info] Default Admin. 
Jan-18-2023 10:06:29 [info] success : Mongoose default connection 
Jan-18-2023 10:06:29 [info] Default Admin. 
Jan-18-2023 10:06:50 [info] success : Mongoose default connection 
Jan-18-2023 10:06:50 [info] Default Admin. 
Jan-18-2023 10:06:54 [info] success : Mongoose default connection 
Jan-18-2023 10:06:54 [info] Default Admin. 
Jan-18-2023 10:07:00 [info] success : Mongoose default connection 
Jan-18-2023 10:07:00 [info] Default Admin. 
Jan-18-2023 10:07:44 [info] success : Mongoose default connection 
Jan-18-2023 10:07:44 [info] Default Admin. 
Jan-18-2023 10:11:46 [info] success : Mongoose default connection 
Jan-18-2023 10:11:46 [info] Default Admin. 
Jan-18-2023 10:12:51 [info] success : Mongoose default connection 
Jan-18-2023 10:12:51 [info] Default Admin. 
Jan-18-2023 10:19:02 [info] http://localhost:5000/api/admin/getAdminDetails - GET METHOD  
Jan-18-2023 10:19:59 [info] success : Mongoose default connection 
Jan-18-2023 10:19:59 [info] Default Admin. 
Jan-18-2023 10:20:03 [info] http://localhost:5000/api/admin/getAdminDetails - GET METHOD  
Jan-18-2023 10:20:40 [info] success : Mongoose default connection 
Jan-18-2023 10:20:41 [info] Default Admin. 
Jan-18-2023 10:20:44 [info] http://localhost:5000/api/admin/getAdminDetails - GET METHOD  
Jan-18-2023 10:20:44 [error] 401 - Please provide token. 
Jan-18-2023 10:21:15 [info] http://localhost:5000/api/admin/login - POST METHOD  
Jan-18-2023 10:21:40 [info] http://localhost:5000/api/admin/getAdminDetails - GET METHOD  
Jan-18-2023 10:23:08 [info] success : Mongoose default connection 
Jan-18-2023 10:23:08 [info] Default Admin. 
Jan-18-2023 10:23:58 [info] http://localhost:5000/api/admin/getAdminDetails - GET METHOD  
Jan-18-2023 10:24:18 [info] http://localhost:5000/api/admin/updateAdmin - PUT METHOD  
Jan-18-2023 10:25:24 [info] http://localhost:5000/api/admin/createManager - POST METHOD  
Jan-18-2023 10:28:11 [info] http://localhost:5000/api/user/loginManager - POST METHOD  
Jan-18-2023 10:28:34 [info] http://localhost:5000/api/user/getProfile - GET METHOD  
Jan-18-2023 10:29:09 [info] http://localhost:5000/api/user/updateProfile - PUT METHOD  
Jan-18-2023 10:31:12 [info] http://localhost:5000/api/user/addDeveloper - POST METHOD  
Jan-18-2023 10:32:41 [info] http://localhost:5000/api/user/viewDeveloper - GET METHOD  
Jan-18-2023 10:32:41 [error] 404 - Requested URL http://localhost:5000/api/user/viewDeveloper not found! 
Jan-18-2023 10:33:21 [info] http://localhost:5000/api/user/getProfile - GET METHOD  
Jan-18-2023 10:33:21 [error] 401 - Please provide token. 
Jan-18-2023 10:33:35 [info] http://localhost:5000/api/user/getProfile - GET METHOD  
Jan-18-2023 10:36:23 [info] http://localhost:5000/api/user/updateProfile - PUT METHOD  
Jan-18-2023 10:38:09 [info] http://localhost:5000/api/user/updateProfile - PUT METHOD  
Jan-18-2023 10:38:59 [info] http://localhost:5000/api/user/developerLogin - POST METHOD  
Jan-18-2023 10:42:18 [info] http://localhost:5000/api/user/updateProfile - PUT METHOD  
Jan-18-2023 11:05:08 [info] http://localhost:5000/api/project/listProject - GET METHOD  
Jan-18-2023 11:05:08 [error] 401 - Please provide token. 
Jan-18-2023 11:06:53 [info] http://localhost:5000/api/project/listProject - GET METHOD  
Jan-18-2023 11:06:53 [error] 500 - Project.paginate is not a function 
Jan-18-2023 11:14:11 [info] success : Mongoose default connection 
Jan-18-2023 11:14:11 [info] Default Admin. 
Jan-18-2023 11:14:45 [info] success : Mongoose default connection 
Jan-18-2023 11:14:45 [info] Default Admin. 
Jan-18-2023 11:16:31 [info] success : Mongoose default connection 
Jan-18-2023 11:16:31 [info] Default Admin. 
Jan-18-2023 11:19:04 [info] success : Mongoose default connection 
Jan-18-2023 11:19:05 [info] Default Admin. 
Jan-18-2023 11:20:12 [info] success : Mongoose default connection 
Jan-18-2023 11:20:12 [info] Default Admin. 
Jan-18-2023 11:20:19 [info] success : Mongoose default connection 
Jan-18-2023 11:20:19 [info] Default Admin. 
Jan-18-2023 11:20:48 [info] success : Mongoose default connection 
Jan-18-2023 11:20:48 [info] Default Admin. 
Jan-18-2023 11:21:00 [info] success : Mongoose default connection 
Jan-18-2023 11:21:00 [info] Default Admin. 
Jan-18-2023 11:21:22 [info] success : Mongoose default connection 
Jan-18-2023 11:21:22 [info] Default Admin. 
Jan-18-2023 11:21:31 [info] success : Mongoose default connection 
Jan-18-2023 11:21:31 [info] Default Admin. 
Jan-18-2023 11:22:00 [info] success : Mongoose default connection 
Jan-18-2023 11:22:00 [info] Default Admin. 
Jan-18-2023 11:22:48 [info] success : Mongoose default connection 
Jan-18-2023 11:22:49 [info] Default Admin. 
Jan-18-2023 11:23:05 [info] success : Mongoose default connection 
Jan-18-2023 11:23:05 [info] Default Admin. 
Jan-18-2023 11:24:03 [info] http://localhost:5000/api/project/listProject - GET METHOD  
Jan-18-2023 11:24:04 [error] 500 - Assignment to constant variable. 
Jan-18-2023 11:26:09 [info] success : Mongoose default connection 
Jan-18-2023 11:26:09 [info] Default Admin. 
Jan-18-2023 11:26:14 [info] success : Mongoose default connection 
Jan-18-2023 11:26:14 [info] Default Admin. 
Jan-18-2023 11:26:19 [info] success : Mongoose default connection 
Jan-18-2023 11:26:20 [info] Default Admin. 
Jan-18-2023 11:27:05 [info] success : Mongoose default connection 
Jan-18-2023 11:27:05 [info] Default Admin. 
Jan-18-2023 11:28:12 [info] success : Mongoose default connection 
Jan-18-2023 11:28:12 [info] Default Admin. 
Jan-18-2023 11:28:23 [info] success : Mongoose default connection 
Jan-18-2023 11:28:23 [info] Default Admin. 
Jan-18-2023 11:28:33 [info] success : Mongoose default connection 
Jan-18-2023 11:28:33 [info] Default Admin. 
Jan-18-2023 11:29:08 [info] success : Mongoose default connection 
Jan-18-2023 11:29:08 [info] Default Admin. 
Jan-18-2023 11:29:27 [info] success : Mongoose default connection 
Jan-18-2023 11:29:28 [info] Default Admin. 
Jan-18-2023 11:29:53 [info] success : Mongoose default connection 
Jan-18-2023 11:29:53 [info] Default Admin. 
Jan-18-2023 11:30:12 [info] success : Mongoose default connection 
Jan-18-2023 11:30:12 [info] Default Admin. 
Jan-18-2023 11:30:14 [info] http://localhost:5000/api/project/listProject - GET METHOD  
Jan-18-2023 11:30:14 [error] 500 - Assignment to constant variable. 
Jan-18-2023 11:30:40 [info] http://localhost:5000/api/project/listProject - GET METHOD  
Jan-18-2023 11:30:41 [info] success : Mongoose default connection 
Jan-18-2023 11:30:41 [info] Default Admin. 
Jan-18-2023 11:30:41 [error] 500 - query is not defined 
Jan-18-2023 11:31:02 [info] success : Mongoose default connection 
Jan-18-2023 11:31:02 [info] Default Admin. 
Jan-18-2023 11:31:05 [info] http://localhost:5000/api/project/listProject - GET METHOD  
Jan-18-2023 11:31:05 [error] 500 - projectList is not defined 
Jan-18-2023 11:31:21 [info] success : Mongoose default connection 
Jan-18-2023 11:31:21 [info] Default Admin. 
Jan-18-2023 11:31:25 [info] http://localhost:5000/api/project/listProject - GET METHOD  
Jan-18-2023 11:31:25 [error] 500 - ProjectList is not defined 
Jan-18-2023 11:31:28 [info] http://localhost:5000/api/project/listProject - GET METHOD  
Jan-18-2023 11:31:28 [error] 500 - ProjectList is not defined 
Jan-18-2023 11:31:47 [info] success : Mongoose default connection 
Jan-18-2023 11:31:47 [info] Default Admin. 
Jan-18-2023 11:31:47 [info] http://localhost:5000/api/project/listProject - GET METHOD  
Jan-18-2023 11:32:37 [info] http://localhost:5000/api/project/createProject - POST METHOD  
Jan-18-2023 11:32:37 [error] 401 - Please provide token. 
Jan-18-2023 11:33:14 [info] http://localhost:5000/api/project/createProject - POST METHOD  
Jan-18-2023 11:34:57 [info] http://localhost:5000/api/project/listProject - GET METHOD  
Jan-18-2023 11:36:52 [info] success : Mongoose default connection 
Jan-18-2023 11:36:52 [info] Default Admin. 
Jan-18-2023 11:37:26 [info] http://localhost:5000/api/project/viewProject - GET METHOD  
Jan-18-2023 11:49:55 [info] success : Mongoose default connection 
Jan-18-2023 11:49:56 [info] Default Admin. 
Jan-18-2023 11:50:06 [info] http://localhost:5000/api/project/viewProject/63c64b1b0e84e1074c76cab5 - GET METHOD  
Jan-18-2023 11:50:06 [error] 500 - Cast to ObjectId failed for value "{ projectId: '63c64b1b0e84e1074c76cab5' }" (type Object) at path "_id" for model "project" 
Jan-18-2023 11:50:25 [info] success : Mongoose default connection 
Jan-18-2023 11:50:25 [info] Default Admin. 
Jan-18-2023 11:50:52 [info] http://localhost:5000/api/project/viewProject/63c64b1b0e84e1074c76cab5 - GET METHOD  
Jan-18-2023 11:51:14 [info] success : Mongoose default connection 
Jan-18-2023 11:51:14 [info] Default Admin. 
Jan-18-2023 11:51:56 [info] http://localhost:5000/api/task/listTaskOnparticularProject - GET METHOD  
Jan-18-2023 11:51:56 [error] 401 - Please provide token. 
Jan-18-2023 11:53:45 [info] success : Mongoose default connection 
Jan-18-2023 11:53:45 [info] Default Admin. 
Jan-18-2023 11:54:02 [info] success : Mongoose default connection 
Jan-18-2023 11:54:02 [info] Default Admin. 
Jan-18-2023 11:54:17 [info] success : Mongoose default connection 
Jan-18-2023 11:54:17 [info] Default Admin. 
Jan-18-2023 11:54:24 [info] success : Mongoose default connection 
Jan-18-2023 11:54:24 [info] Default Admin. 
Jan-18-2023 11:54:35 [info] success : Mongoose default connection 
Jan-18-2023 11:54:35 [info] Default Admin. 
Jan-18-2023 11:54:42 [info] success : Mongoose default connection 
Jan-18-2023 11:54:42 [info] Default Admin. 
Jan-18-2023 11:54:47 [info] success : Mongoose default connection 
Jan-18-2023 11:54:47 [info] Default Admin. 
Jan-18-2023 11:54:52 [info] success : Mongoose default connection 
Jan-18-2023 11:54:52 [info] Default Admin. 
Jan-18-2023 11:54:56 [info] success : Mongoose default connection 
Jan-18-2023 11:54:56 [info] Default Admin. 
Jan-18-2023 11:55:12 [info] success : Mongoose default connection 
Jan-18-2023 11:55:12 [info] Default Admin. 
Jan-18-2023 11:55:29 [info] success : Mongoose default connection 
Jan-18-2023 11:55:29 [info] Default Admin. 
Jan-18-2023 11:55:48 [info] success : Mongoose default connection 
Jan-18-2023 11:55:48 [info] Default Admin. 
Jan-18-2023 11:56:01 [info] success : Mongoose default connection 
Jan-18-2023 11:56:01 [info] Default Admin. 
Jan-18-2023 11:56:07 [info] success : Mongoose default connection 
Jan-18-2023 11:56:07 [info] Default Admin. 
Jan-18-2023 11:56:17 [info] success : Mongoose default connection 
Jan-18-2023 11:56:17 [info] Default Admin. 
Jan-18-2023 11:56:22 [info] success : Mongoose default connection 
Jan-18-2023 11:56:22 [info] Default Admin. 
Jan-18-2023 11:56:40 [info] success : Mongoose default connection 
Jan-18-2023 11:56:40 [info] Default Admin. 
Jan-18-2023 11:56:54 [info] success : Mongoose default connection 
Jan-18-2023 11:56:55 [info] Default Admin. 
Jan-18-2023 11:59:10 [info] success : Mongoose default connection 
Jan-18-2023 11:59:10 [info] Default Admin. 
Jan-18-2023 11:59:17 [info] success : Mongoose default connection 
Jan-18-2023 11:59:17 [info] Default Admin. 
Jan-18-2023 12:01:50 [info] success : Mongoose default connection 
Jan-18-2023 12:01:50 [info] Default Admin. 
Jan-18-2023 12:01:59 [info] success : Mongoose default connection 
Jan-18-2023 12:01:59 [info] Default Admin. 
Jan-18-2023 12:02:49 [info] http://localhost:5000/api/task/listTaskOnparticularProject - GET METHOD  
Jan-18-2023 12:02:49 [error] 403 - The requested user cannot access the data 
Jan-18-2023 12:03:38 [info] http://localhost:5000/api/task/listTaskOnparticularProject - GET METHOD  
Jan-18-2023 12:03:38 [error] 403 - The requested user cannot access the data 
Jan-18-2023 12:04:26 [info] success : Mongoose default connection 
Jan-18-2023 12:04:26 [info] Default Admin. 
Jan-18-2023 12:04:31 [info] http://localhost:5000/api/task/listTaskOnparticularProject - GET METHOD  
Jan-18-2023 12:04:32 [error] 500 - query is not defined 
Jan-18-2023 12:05:08 [info] success : Mongoose default connection 
Jan-18-2023 12:05:08 [info] Default Admin. 
Jan-18-2023 12:05:09 [info] http://localhost:5000/api/task/listTaskOnparticularProject - GET METHOD  
Jan-18-2023 12:06:50 [info] success : Mongoose default connection 
Jan-18-2023 12:06:50 [info] Default Admin. 
Jan-18-2023 12:07:38 [info] success : Mongoose default connection 
Jan-18-2023 12:07:38 [info] Default Admin. 
Jan-18-2023 12:07:47 [info] success : Mongoose default connection 
Jan-18-2023 12:07:47 [info] Default Admin. 
Jan-18-2023 12:09:10 [info] http://localhost:5000/api/task/addTaskToProject - POST METHOD  
Jan-18-2023 12:09:10 [error] 401 - Please provide token. 
Jan-18-2023 12:09:35 [info] http://localhost:5000/api/task/addTaskToProject - POST METHOD  
Jan-18-2023 12:10:02 [info] http://localhost:5000/api/task/listTaskOnparticularProject - GET METHOD  
Jan-18-2023 12:10:28 [info] http://localhost:5000/api/task/listTaskOnparticularProject - GET METHOD  
Jan-18-2023 12:11:49 [info] success : Mongoose default connection 
Jan-18-2023 12:11:50 [info] Default Admin. 
Jan-18-2023 12:12:14 [info] disconnected : Mongoose default connection is disconnected 
Jan-18-2023 12:12:15 [info] success : Mongoose default connection 
Jan-18-2023 12:46:41 [info] success : Mongoose default connection 
Jan-18-2023 12:46:41 [info] Default Admin. 
Jan-18-2023 12:46:42 [info] http://localhost:5000/api/task/listTaskOnparticularProject - GET METHOD  
Jan-18-2023 12:46:42 [error] 401 - Please provide token. 
Jan-18-2023 12:47:52 [info] http://localhost:5000/api/task/listTaskOnparticularProject - GET METHOD  
Jan-18-2023 12:47:52 [error] 500 - invalid signature 
Jan-18-2023 12:48:58 [info] http://localhost:5000/api/task/listTaskOnparticularProject - GET METHOD  
Jan-18-2023 12:48:58 [error] 500 - invalid signature 
Jan-18-2023 12:49:51 [info] success : Mongoose default connection 
Jan-18-2023 12:49:51 [info] Default Admin. 
Jan-18-2023 12:49:54 [info] success : Mongoose default connection 
Jan-18-2023 12:49:54 [info] Default Admin. 
Jan-18-2023 12:49:58 [info] success : Mongoose default connection 
Jan-18-2023 12:49:58 [info] Default Admin. 
Jan-18-2023 12:50:01 [info] http://localhost:5000/api/task/listTaskOnparticularProject - GET METHOD  
Jan-18-2023 12:50:01 [error] 500 - jwt must be provided 
Jan-18-2023 12:50:26 [info] http://localhost:5000/api/task/listTaskOnparticularProject - GET METHOD  
Jan-18-2023 12:50:26 [error] 401 - Please provide token. 
Jan-18-2023 12:50:48 [info] success : Mongoose default connection 
Jan-18-2023 12:50:48 [info] Default Admin. 
Jan-18-2023 12:50:58 [info] http://localhost:5000/api/task/listTaskOnparticularProject - GET METHOD  
Jan-18-2023 12:50:58 [error] 500 - invalid signature 
Jan-18-2023 12:51:45 [info] success : Mongoose default connection 
Jan-18-2023 12:51:45 [info] Default Admin. 
Jan-18-2023 12:52:47 [info] success : Mongoose default connection 
Jan-18-2023 12:52:47 [info] Default Admin. 
Jan-18-2023 12:53:09 [info] http://localhost:5000/api/admin/login - POST METHOD  
Jan-18-2023 12:55:08 [info] success : Mongoose default connection 
Jan-18-2023 12:55:08 [info] Default Admin. 
Jan-18-2023 12:55:14 [info] success : Mongoose default connection 
Jan-18-2023 12:55:15 [info] success : Mongoose default connection 
Jan-18-2023 12:55:15 [info] Default Admin. 
Jan-18-2023 12:55:22 [info] success : Mongoose default connection 
Jan-18-2023 12:55:22 [info] Default Admin. 
Jan-18-2023 12:55:27 [info] http://localhost:5000/api/task/listTaskOnparticularProject - GET METHOD  
Jan-18-2023 12:55:27 [error] 500 - invalid signature 
Jan-18-2023 12:56:26 [info] http://localhost:5000/api/task/listTaskOnparticularProject - GET METHOD  
Jan-18-2023 12:56:26 [error] 500 - jwt malformed 
Jan-18-2023 12:56:35 [info] http://localhost:5000/api/task/listTaskOnparticularProject - GET METHOD  
Jan-18-2023 12:56:35 [error] 500 - invalid signature 
Jan-18-2023 12:57:08 [info] http://localhost:5000/api/task/listTaskOnparticularProject - GET METHOD  
Jan-18-2023 12:57:08 [error] 500 - invalid signature 
Jan-18-2023 12:57:49 [info] http://localhost:5000/api/task/listTaskOnparticularProject - GET METHOD  
Jan-18-2023 12:57:49 [error] 500 - invalid signature 
Jan-18-2023 13:02:25 [info] success : Mongoose default connection 
Jan-18-2023 13:02:25 [info] Default Admin. 
Jan-18-2023 13:02:49 [info] success : Mongoose default connection 
Jan-18-2023 13:02:49 [info] Default Admin. 
Jan-18-2023 13:03:32 [info] http://localhost:5000/api/task/listTaskOnparticularProject - GET METHOD  
Jan-18-2023 13:03:32 [error] 500 - invalid signature 
Jan-18-2023 13:07:52 [info] success : Mongoose default connection 
Jan-18-2023 13:07:52 [info] Default Admin. 
Jan-18-2023 13:09:05 [info] success : Mongoose default connection 
Jan-18-2023 13:09:05 [info] Default Admin. 
Jan-18-2023 13:09:08 [info] success : Mongoose default connection 
Jan-18-2023 13:09:08 [info] Default Admin. 
Jan-18-2023 13:11:43 [info] success : Mongoose default connection 
Jan-18-2023 13:11:43 [info] Default Admin. 
Jan-18-2023 13:12:03 [info] http://localhost:5000/api/task/listTaskOnparticularProject - GET METHOD  
Jan-18-2023 13:12:03 [error] 500 - invalid signature 
Jan-18-2023 13:20:02 [info] http://localhost:5000/api/task/listTaskOnparticularProject - GET METHOD  
Jan-18-2023 13:20:02 [error] 500 - invalid signature 
Jan-18-2023 13:28:33 [info] http://localhost:5000/api/task/listTaskOnparticularProject - GET METHOD  
Jan-18-2023 13:28:33 [error] 500 - invalid signature 
Jan-18-2023 13:31:51 [info] success : Mongoose default connection 
Jan-18-2023 13:31:51 [info] Default Admin. 
Jan-18-2023 13:31:52 [info] http://localhost:5000/api/task/listTaskOnparticularProject - GET METHOD  
Jan-18-2023 13:31:52 [error] 500 - invalid signature 
Jan-18-2023 13:31:53 [info] http://localhost:5000/api/task/listTaskOnparticularProject - GET METHOD  
Jan-18-2023 13:31:53 [error] 500 - invalid signature 
Jan-18-2023 13:31:59 [info] success : Mongoose default connection 
Jan-18-2023 13:32:00 [info] Default Admin. 
Jan-18-2023 13:34:20 [info] http://localhost:5000/api/task/listTaskOnparticularProject - GET METHOD  
Jan-18-2023 13:34:20 [error] 500 - invalid signature 
Jan-18-2023 13:34:22 [info] http://localhost:5000/api/task/listTaskOnparticularProject - GET METHOD  
Jan-18-2023 13:34:22 [error] 500 - invalid signature 
Jan-18-2023 13:34:34 [info] http://localhost:5000/api/task/listTaskOnparticularProject - GET METHOD  
Jan-18-2023 13:34:34 [error] 500 - invalid signature 
Jan-18-2023 13:35:22 [info] success : Mongoose default connection 
Jan-18-2023 13:35:22 [info] Default Admin. 
Jan-18-2023 13:35:29 [info] http://localhost:5000/api/admin/login - POST METHOD  
Jan-18-2023 13:35:54 [info] http://localhost:5000/api/task/listTaskOnparticularProject - GET METHOD  
Jan-18-2023 13:35:54 [error] 403 - The requested user cannot access the data 
Jan-18-2023 13:55:39 [info] success : Mongoose default connection 
Jan-18-2023 13:55:40 [info] Default Admin. 
Jan-18-2023 14:04:10 [info] success : Mongoose default connection 
Jan-18-2023 14:04:10 [info] Default Admin. 
Jan-18-2023 14:04:13 [info] success : Mongoose default connection 
Jan-18-2023 14:04:14 [info] Default Admin. 
Jan-18-2023 14:04:20 [info] success : Mongoose default connection 
Jan-18-2023 14:04:21 [info] Default Admin. 
Jan-18-2023 14:06:06 [info] http://localhost:5000/api/admin/login - POST METHOD  
Jan-18-2023 14:09:23 [info] success : Mongoose default connection 
Jan-18-2023 14:09:24 [info] Default Admin. 
Jan-18-2023 14:09:25 [info] http://localhost:5000/api/admin/login - POST METHOD  
Jan-18-2023 14:11:49 [info] http://localhost:5000/api/admin/login - POST METHOD  
Jan-18-2023 14:11:49 [error] 404 - Provided email is not registered. 
Jan-18-2023 14:12:00 [info] success : Mongoose default connection 
Jan-18-2023 14:12:00 [info] "DEFAULT ADMIN Created", {
  _id: 63c7b0d8b8f2983b9d5bd26d,
  first_name: 'Shikha',
  last_name: 'Mungali',
  email: 'shikha1081998@gmail.com',
  password: '$2b$10$4wUx9vUOlEEiK/6lVgoYyOL4ULdwLhNiUoIgmK1XutF0pkr7us4WK',
  mobile_number: '9998887772',
  role: 'Admin',
  createdAt: 2023-01-18T08:42:00.507Z,
  updatedAt: 2023-01-18T08:42:00.507Z,
  __v: 0
} 
Jan-18-2023 14:12:07 [info] http://localhost:5000/api/admin/login - POST METHOD  
Jan-18-2023 14:12:25 [info] success : Mongoose default connection 
Jan-18-2023 14:12:25 [info] Default Admin. 
Jan-18-2023 14:14:09 [info] success : Mongoose default connection 
Jan-18-2023 14:14:09 [info] Default Admin. 
Jan-18-2023 14:14:15 [info] success : Mongoose default connection 
Jan-18-2023 14:14:15 [info] Default Admin. 
Jan-18-2023 14:14:23 [info] success : Mongoose default connection 
Jan-18-2023 14:14:23 [info] Default Admin. 
Jan-18-2023 14:14:33 [info] success : Mongoose default connection 
Jan-18-2023 14:14:34 [info] Default Admin. 
Jan-18-2023 14:15:08 [info] success : Mongoose default connection 
Jan-18-2023 14:15:08 [info] Default Admin. 
Jan-18-2023 14:15:20 [info] success : Mongoose default connection 
Jan-18-2023 14:15:20 [info] Default Admin. 
Jan-18-2023 14:15:23 [info] success : Mongoose default connection 
Jan-18-2023 14:15:23 [info] Default Admin. 
Jan-18-2023 14:15:28 [info] success : Mongoose default connection 
Jan-18-2023 14:15:28 [info] Default Admin. 
Jan-18-2023 14:16:56 [info] success : Mongoose default connection 
Jan-18-2023 14:16:57 [info] Default Admin. 
Jan-18-2023 14:17:10 [info] success : Mongoose default connection 
Jan-18-2023 14:17:10 [info] Default Admin. 
Jan-18-2023 14:17:29 [info] success : Mongoose default connection 
Jan-18-2023 14:17:30 [info] "DEFAULT ADMIN Created", {
  status: 'ACTIVE',
  _id: 63c7b222679a8749d6552421,
  first_name: 'Shikha',
  last_name: 'Mungali',
  email: 'shikha1081998@gmail.com',
  password: '$2b$10$ha/LsCAQyTMgDXy/3zwIv.wkYq0dYUELiom5kenDelcveug6rhwzq',
  mobile_number: '9998887772',
  role: 'Admin',
  createdAt: 2023-01-18T08:47:30.156Z,
  updatedAt: 2023-01-18T08:47:30.156Z,
  __v: 0
} 
Jan-18-2023 14:18:50 [info] success : Mongoose default connection 
Jan-18-2023 14:18:50 [info] Default Admin. 
Jan-18-2023 15:24:29 [info] success : Mongoose default connection 
Jan-18-2023 15:24:29 [info] Default Admin. 
Jan-18-2023 15:25:18 [info] success : Mongoose default connection 
Jan-18-2023 15:25:18 [info] Default Admin. 
Jan-18-2023 15:25:22 [info] http://localhost:5000/api/admin/createManager - POST METHOD  
Jan-18-2023 15:25:23 [error] 404 - This user does not exist. 
