Jan-20-2023 12:17:26 [error] 500 - Token is not defined 
Jan-20-2023 15:27:23 [error] 404 -  
Jan-20-2023 15:35:37 [error] 404 - The requested user cannot access the data 
Jan-20-2023 15:49:59 [error] 412 - first_name is required 
Jan-20-2023 15:52:00 [error] 412 - first_name is required 
Jan-20-2023 16:25:31 [error] 412 - password length must be at least 10 characters long 
Jan-20-2023 16:25:38 [error] 404 - Provided email is not registered. 
Jan-20-2023 16:27:15 [error] 404 - Requested URL http://localhost:5000/api/user/loginManager not found! 
Jan-20-2023 16:27:32 [error] 404 - Provided email is not registered. 
Jan-20-2023 17:58:45 [error] 500 - mailTemplate is not defined 
Jan-20-2023 17:59:18 [error] 409 - Already exists. 
Jan-20-2023 17:59:47 [error] 500 - No recipients defined 
Jan-20-2023 18:03:19 [error] 409 - Already exists. 
Jan-20-2023 18:03:32 [error] 412 - first_name is required 
Jan-22-2023 13:59:19 [error] 404 - Only admin can create the manager 
Jan-22-2023 14:00:20 [error] 409 - Already exists. 
Jan-22-2023 14:00:45 [error] 500 - Cannot access 'subject' before initialization 
Jan-22-2023 14:00:53 [error] 409 - Already exists. 
Jan-22-2023 14:10:57 [error] 409 - Already exists. 
Jan-22-2023 14:12:17 [error] 409 - Already exists. 
Jan-22-2023 14:30:14 [error] 412 - first_nam is not allowed 
Jan-22-2023 14:30:25 [error] 500 - Cannot read properties of undefined (reading 'location') 
Jan-22-2023 14:32:28 [error] 500 - Cannot read properties of undefined (reading 'location') 
Jan-22-2023 14:36:17 [error] 500 - Cannot read properties of undefined (reading 'location') 
Jan-22-2023 14:37:14 [error] 500 - Cannot read properties of undefined (reading 'location') 
Jan-22-2023 14:38:07 [error] 404 - Requested URL http://localhost:5000/ not found! 
Jan-22-2023 14:42:10 [error] 500 - Cannot read properties of undefined (reading 'profile_pic') 
Jan-22-2023 14:43:30 [error] 500 - Cannot read properties of undefined (reading 'profile_image') 
Jan-22-2023 14:43:32 [error] 500 - Cannot read properties of undefined (reading 'profile_image') 
Jan-22-2023 14:44:24 [error] 500 - Cannot read properties of undefined (reading 'profile_image') 
Jan-22-2023 14:44:26 [error] 500 - Cannot read properties of undefined (reading 'profile_image') 
Jan-22-2023 14:46:42 [error] 500 - Cannot read properties of undefined (reading 'profile_image') 
Jan-22-2023 14:46:44 [error] 500 - Cannot read properties of undefined (reading 'profile_image') 
Jan-22-2023 14:48:07 [error] 404 - Requested URL http://localhost:5000/ not found! 
Jan-22-2023 14:48:37 [error] 404 - Requested URL http://localhost:5000/requested.html not found! 
Jan-22-2023 14:56:06 [error] 500 - Cannot read properties of undefined (reading 'location') 
Jan-22-2023 14:56:09 [error] 500 - Cannot read properties of undefined (reading 'location') 
Jan-22-2023 14:57:25 [error] 404 - This user does not exist. 
Jan-22-2023 14:57:52 [error] 500 - Cannot read properties of undefined (reading 'location') 
Jan-22-2023 14:58:06 [error] 404 - Requested URL http://localhost:5000/ not found! 
Jan-22-2023 14:58:35 [error] 404 - Requested URL http://localhost:5000/requested.html not found! 
Jan-22-2023 14:59:30 [error] 500 - Cannot read properties of undefined (reading 'location') 
Jan-22-2023 15:00:17 [error] 500 - Cannot read properties of undefined (reading 'location') 
Jan-22-2023 15:03:08 [error] 500 - Cannot read properties of undefined (reading 'location') 
Jan-22-2023 15:05:19 [error] 500 - Cannot read properties of undefined (reading 'location') 
Jan-22-2023 15:05:22 [error] 500 - Cannot read properties of undefined (reading 'location') 
Jan-22-2023 15:05:23 [error] 500 - Cannot read properties of undefined (reading 'location') 
Jan-22-2023 15:07:02 [error] 500 - Unexpected field 
Jan-22-2023 15:07:06 [error] 500 - Unexpected field 
Jan-22-2023 15:08:06 [error] 404 - Requested URL http://localhost:5000/ not found! 
Jan-22-2023 15:08:35 [error] 404 - Requested URL http://localhost:5000/requested.html not found! 
Jan-22-2023 15:10:12 [error] 500 - Cannot read properties of undefined (reading 'location') 
Jan-22-2023 15:14:10 [error] 500 - Cannot read properties of undefined (reading 'location') 
Jan-22-2023 15:18:09 [error] 404 - Requested URL http://localhost:5000/ not found! 
Jan-22-2023 15:18:32 [error] 404 - Provided email is not registered. 
Jan-22-2023 15:18:38 [error] 404 - Requested URL http://localhost:5000/requested.html not found! 
Jan-22-2023 15:19:58 [error] 404 - This user does not exist. 
Jan-22-2023 15:27:52 [error] 404 - This user does not exist. 
Jan-22-2023 15:30:55 [error] 404 - This user does not exist. 
Jan-22-2023 15:35:33 [error] 500 - Cannot create property 'updatedAt' on string 'ongoing' 
Jan-22-2023 15:36:14 [error] 500 - Cannot create property 'updatedAt' on string 'ongoing' 
Jan-22-2023 15:36:29 [error] 500 - Cannot create property 'updatedAt' on string 'completed' 
Jan-22-2023 15:37:13 [error] 500 - Cannot create property 'updatedAt' on string 'completed' 
Jan-22-2023 15:37:49 [error] 500 - Cannot create property 'updatedAt' on string 'completed' 
Jan-22-2023 15:38:07 [error] 500 - Cannot create property 'updatedAt' on string 'completed' 
Jan-22-2023 15:43:23 [error] 500 - Cannot create property 'updatedAt' on string 'completed' 
Jan-22-2023 15:45:17 [error] 500 - Cannot create property 'updatedAt' on string 'completed' 
Jan-22-2023 15:49:00 [error] 404 - Project is already completed 
Jan-23-2023 10:22:59 [error] 412 - email is required 
Jan-23-2023 10:23:54 [error] 500 - Joi.string(...).email(...).lowercase(...).unique is not a function 
Jan-23-2023 10:25:12 [error] 412 - first_nam is not allowed 
Jan-23-2023 10:25:23 [error] 500 - Cannot read properties of undefined (reading 'length') 
Jan-23-2023 10:26:52 [error] 500 - Cannot read properties of undefined (reading 'length') 
Jan-23-2023 10:27:22 [error] 500 - Cannot read properties of undefined (reading 'length') 
Jan-23-2023 10:27:24 [error] 500 - Cannot read properties of undefined (reading 'length') 
Jan-23-2023 10:27:58 [error] 500 - Cannot read properties of undefined (reading 'length') 
Jan-23-2023 10:30:06 [error] 500 - Cannot read properties of undefined (reading 'length') 
Jan-23-2023 10:32:15 [error] 500 - Cannot read properties of undefined (reading 'length') 
Jan-23-2023 10:32:55 [error] 412 - first_na is not allowed 
Jan-23-2023 10:38:59 [error] 412 -  
Jan-23-2023 10:40:41 [error] 412 - first_name is required 
Jan-23-2023 10:40:50 [error] 409 - Already exists. 
Jan-23-2023 11:59:58 [error] 500 - Cannot read properties of undefined (reading 'create') 
Jan-23-2023 12:03:07 [error] 404 - Data not found 
Jan-23-2023 12:58:37 [error] 404 - Provided email is not registered. 
Jan-23-2023 12:58:42 [error] 404 - Provided email is not registered. 
Jan-23-2023 13:12:13 [error] 401 - Please provide token. 
Jan-23-2023 13:26:01 [error] 404 - Requested URL http://localhost:5000/api/user/developerLogin not found! 
Jan-23-2023 13:26:12 [error] 404 - Requested URL http://localhost:5000/api/user/developerLogin not found! 
Jan-23-2023 13:59:37 [error] 500 - jwt expired 
Jan-23-2023 14:03:11 [error] 500 - jwt expired 
Jan-23-2023 14:03:36 [error] 500 - jwt expired 
Jan-23-2023 14:14:42 [error] 500 - jwt expired 
Jan-23-2023 15:49:58 [error] 404 - Data not found 
Jan-23-2023 15:54:13 [error] 404 - Data not found 
Jan-23-2023 15:54:46 [error] 404 - Requested URL http://localhost:5000/api/user/listTheUse not found! 
Jan-23-2023 15:56:47 [error] 404 - Data not found 
Jan-23-2023 16:23:09 [error] 404 - Data not found 
Jan-23-2023 16:24:13 [error] 500 - userRes.count is not a function 
Jan-24-2023 09:40:18 [error] 404 - This user does not exist. 
Jan-24-2023 09:42:06 [error] 404 - Only admin can update his profile 
Jan-24-2023 09:42:22 [error] 404 - Only admin can update his profile 
Jan-24-2023 09:42:26 [error] 404 - Only admin can update his profile 
Jan-24-2023 09:42:38 [error] 404 - Only admin can update his profile 
Jan-24-2023 09:43:04 [error] 404 - Only admin can update his profile 
Jan-24-2023 09:43:10 [error] 404 - Only admin can update his profile 
Jan-24-2023 09:43:13 [error] 404 - Only admin can update his profile 
Jan-24-2023 09:43:18 [error] 404 - Only admin can update his profile 
Jan-24-2023 09:43:24 [error] 404 - Only admin can update his profile 
Jan-24-2023 10:32:37 [error] 500 - User is not defined 
Jan-24-2023 11:26:40 [error] 500 - ISODate is not defined 
Jan-24-2023 11:36:43 [error] 500 - Cannot set headers after they are sent to the client 
Jan-24-2023 11:37:12 [error] 500 - Cannot set headers after they are sent to the client 
Jan-24-2023 11:48:10 [error] 500 - ISODate is not defined 
Jan-24-2023 12:06:33 [error] 404 - Data not found 
Jan-24-2023 12:24:25 [error] 404 - Data not found 
Jan-24-2023 12:27:11 [error] 404 - Data not found 
Jan-24-2023 12:27:57 [error] 404 - Data not found 
Jan-24-2023 12:50:24 [error] 500 - jwt expired 
Jan-24-2023 15:08:50 [error] 500 - jwt expired 
Jan-25-2023 09:48:03 [error] 500 - jwt expired 
Jan-25-2023 09:49:49 [error] 500 - Cannot read properties of undefined (reading 'length') 
Jan-25-2023 10:39:27 [error] 412 - project_name is required 
Jan-25-2023 10:40:02 [error] 412 - project_name is required 
Jan-25-2023 11:01:31 [error] 412 - projectStatus must be one of [started, completed, ongoing] 
Jan-25-2023 11:01:42 [error] 404 - Project is already completed 
Jan-25-2023 11:25:32 [error] 404 - Requested URL http://localhost:5000/api/admin/changeStatusOfUser not found! 
Jan-25-2023 11:28:53 [error] 500 - Cannot create property 'updatedAt' on string 'BLOCKED' 
Jan-25-2023 11:35:04 [error] 500 - id is not defined 
Jan-25-2023 11:36:40 [error] 500 - Cannot create property 'updatedAt' on string 'BLOCKED' 
Jan-25-2023 11:44:34 [error] 404 - User is already blocked 
Jan-25-2023 12:07:15 [error] 412 - status must be one of [BLOCKED, ACTIVE] 
Jan-25-2023 12:09:12 [error] 412 - status is required 
Jan-25-2023 12:09:19 [error] 412 - status is required 
Jan-25-2023 12:09:21 [error] 412 - status is required 
Jan-25-2023 12:15:35 [error] 412 - status must be one of [BLOCKED, ACTIVE] 
Jan-25-2023 12:20:20 [error] 412 - _id with value 63ce6412a32e3766d8e327f fails to match the required pattern: /^[0-9a-fA-F]{24}$/ 
Jan-25-2023 12:23:23 [error] 404 - This user does not exist. 
Jan-25-2023 12:35:44 [error] 412 - status must be [DELETE] 
Jan-25-2023 12:40:18 [error] 412 - _id is not allowed to be empty 
Jan-25-2023 12:44:36 [error] 404 - This user does not exist. 
Jan-25-2023 12:47:33 [error] 404 - This user does not exist. 
Jan-25-2023 12:49:00 [error] 404 - User not found 
Jan-25-2023 12:51:21 [error] 404 - User not found/deleted 
Jan-25-2023 12:51:47 [error] 404 - User not found or deleted 
Jan-25-2023 13:37:23 [error] 404 - Requested URL http://localhost:5000/ not found! 
Jan-25-2023 13:47:22 [error] 500 - jwt expired 
Jan-25-2023 15:16:12 [error] 500 - E11000 duplicate key error collection: task_management.users index: email_1 dup key: { email: "wdnarendrakumar+jiraboard@gmail.com" } 
Jan-25-2023 15:19:10 [error] 500 - jwt expired 
Jan-25-2023 15:20:29 [error] 404 - Provided email is not registered. 
Jan-25-2023 17:39:37 [error] 412 - mobile_number with value 971856709 fails to match the required pattern: /^[0-9]{10}$/ 
Jan-25-2023 17:44:29 [error] 500 - Cannot read properties of undefined (reading 'length') 
