Jan-20-2023 10:11:00 [info] http://localhost:5000/api/admin/login - POST METHOD  
Jan-20-2023 12:11:23 [info] http://localhost:5000/api/admin/login - POST METHOD  
Jan-20-2023 12:17:26 [info] http://localhost:5000/api/admin/forgetPassword - POST METHOD  
Jan-20-2023 12:17:26 [error] 500 - Token is not defined 
Jan-20-2023 12:18:46 [info] http://localhost:5000/api/admin/forgetPassword - POST METHOD  
Jan-20-2023 15:27:23 [info] http://localhost:5000/api/admin/login - POST METHOD  
Jan-20-2023 15:27:23 [error] 404 -  
Jan-20-2023 15:35:37 [info] http://localhost:5000/api/admin/login - POST METHOD  
Jan-20-2023 15:35:37 [error] 404 - The requested user cannot access the data 
Jan-20-2023 15:49:59 [info] http://localhost:5000/api/admin/login - POST METHOD  
Jan-20-2023 15:49:59 [error] 412 - first_name is required 
Jan-20-2023 15:50:35 [info] http://localhost:5000/api/admin/login - POST METHOD  
Jan-20-2023 15:51:58 [info] http://localhost:5000/api/admin/updateAdmin - PUT METHOD  
Jan-20-2023 15:52:00 [error] 412 - first_name is required 
Jan-20-2023 15:53:59 [info] http://localhost:5000/api/admin/updateAdmin - PUT METHOD  
Jan-20-2023 16:18:08 [info] http://localhost:5000/api/admin/login - POST METHOD  
Jan-20-2023 16:25:13 [info] http://localhost:5000/api/user/login - POST METHOD  
Jan-20-2023 16:25:31 [info] http://localhost:5000/api/user/login - POST METHOD  
Jan-20-2023 16:25:31 [error] 412 - password length must be at least 10 characters long 
Jan-20-2023 16:25:38 [info] http://localhost:5000/api/user/login - POST METHOD  
Jan-20-2023 16:25:38 [error] 404 - Provided email is not registered. 
Jan-20-2023 16:25:48 [info] http://localhost:5000/api/admin/createManager - POST METHOD  
Jan-20-2023 16:27:15 [info] http://localhost:5000/api/user/loginManager - POST METHOD  
Jan-20-2023 16:27:15 [error] 404 - Requested URL http://localhost:5000/api/user/loginManager not found! 
Jan-20-2023 16:27:32 [info] http://localhost:5000/api/user/login - POST METHOD  
Jan-20-2023 16:27:32 [error] 404 - Provided email is not registered. 
Jan-20-2023 16:28:29 [info] http://localhost:5000/api/user/login - POST METHOD  
Jan-20-2023 17:26:49 [info] http://localhost:5000/api/user/login - POST METHOD  
Jan-20-2023 17:27:46 [info] http://localhost:5000/api/admin/createManager - POST METHOD  
Jan-20-2023 17:29:58 [info] http://localhost:5000/api/admin/createManager - POST METHOD  
Jan-20-2023 17:33:10 [info] http://localhost:5000/api/admin/createManager - POST METHOD  
Jan-20-2023 17:36:47 [info] http://localhost:5000/api/admin/createManager - POST METHOD  
Jan-20-2023 17:38:31 [info] http://localhost:5000/api/admin/createManager - POST METHOD  
Jan-20-2023 17:39:16 [info] http://localhost:5000/api/admin/createManager - POST METHOD  
Jan-20-2023 17:42:00 [info] http://localhost:5000/api/admin/createManager - POST METHOD  
Jan-20-2023 17:42:00 [error] 500 - validator is not a function 
Jan-20-2023 17:43:21 [info] http://localhost:5000/api/admin/createManager - POST METHOD  
Jan-20-2023 17:43:21 [error] 500 - Cannot destructure property 'error' of 'validator' as it is undefined. 
Jan-20-2023 17:43:53 [info] http://localhost:5000/api/admin/createManager - POST METHOD  
Jan-20-2023 17:43:53 [error] 500 - validator is not a function 
Jan-20-2023 17:45:41 [info] http://localhost:5000/api/admin/createManager - POST METHOD  
Jan-20-2023 17:46:25 [info] http://localhost:5000/api/admin/createManager - POST METHOD  
Jan-20-2023 17:47:26 [info] http://localhost:5000/api/admin/createManager - POST METHOD  
Jan-20-2023 17:47:27 [error] 500 - E11000 duplicate key error collection: task_management.users index: mobile_number_1 dup key: { mobile_number: "8897857778" } 
Jan-20-2023 17:47:42 [info] http://localhost:5000/api/admin/createManager - POST METHOD  
Jan-20-2023 17:47:42 [error] 412 - mobile_number with value 88978570000 fails to match the required pattern: /^[0-9]{10}$/ 
Jan-20-2023 17:47:55 [info] http://localhost:5000/api/admin/createManager - POST METHOD  
Jan-20-2023 17:47:55 [error] 412 - mobile_number with value 889785700 fails to match the required pattern: /^[0-9]{10}$/ 
Jan-20-2023 17:48:05 [info] http://localhost:5000/api/admin/createManager - POST METHOD  
Jan-20-2023 17:48:56 [info] http://localhost:5000/api/admin/createManager - POST METHOD  
Jan-20-2023 17:49:12 [info] http://localhost:5000/api/admin/createManager - POST METHOD  
Jan-20-2023 17:49:12 [error] 409 - Already exists. 
Jan-20-2023 17:51:15 [info] http://localhost:5000/api/admin/createManager - POST METHOD  
Jan-20-2023 17:51:15 [error] 500 - Already exists. 
Jan-20-2023 17:52:10 [info] http://localhost:5000/api/admin/createManager - POST METHOD  
Jan-20-2023 17:52:25 [info] http://localhost:5000/api/admin/createManager - POST METHOD  
Jan-20-2023 17:52:25 [error] 409 - Email Already Exist. 
Jan-20-2023 17:54:26 [info] http://localhost:5000/api/admin/createManager - POST METHOD  
Jan-20-2023 17:54:27 [error] 409 - Email Already Exist. 
Jan-20-2023 17:54:35 [info] http://localhost:5000/api/admin/createManager - POST METHOD  
Jan-20-2023 17:54:35 [error] 500 - Cannot read properties of null (reading 'email') 
